2025/08/22 06:45:10 [INFO] Successfully connected to database
2025/08/22 06:45:22 [ERROR] OUT_OF_STOCK
2025/08/22 06:45:22 [ERROR] OUT_OF_STOCK
2025/08/22 06:46:41 [INFO] Successfully connected to database
2025/08/22 06:46:42 [ERROR] OUT_OF_STOCK
2025/08/22 06:46:42 [ERROR] OUT_OF_STOCK
2025/08/22 06:47:35 [INFO] Successfully connected to database
2025/08/22 06:47:42 [ERROR] OUT_OF_STOCK
2025/08/22 06:47:42 [ERROR] OUT_OF_STOCK
2025/08/22 06:47:45 [ERROR] sql: no rows in result set
2025/08/22 06:47:45 [ERROR] sql: no rows in result set
2025/08/22 06:47:52 [ERROR] sql: no rows in result set
2025/08/22 06:47:52 [ERROR] sql: no rows in result set
2025/08/22 06:49:34 [INFO] Successfully connected to database
2025/08/22 06:49:36 [ERROR] sql: no rows in result set
2025/08/22 06:49:36 [ERROR] sql: no rows in result set
2025/08/22 06:49:50 [INFO] Successfully connected to database
2025/08/22 06:49:54 [ERROR] sql: no rows in result set
2025/08/22 06:49:54 [ERROR] sql: no rows in result set
2025/08/22 06:50:12 [ERROR] OUT_OF_STOCK
2025/08/22 06:50:12 [ERROR] OUT_OF_STOCK
2025/08/22 06:55:58 [INFO] Successfully connected to database
2025/08/22 06:56:01 [ERROR] insufficient stock: available 0, requested 1
2025/08/22 06:56:01 [ERROR] insufficient stock: available 0, requested 1
2025/08/22 07:16:59 [INFO] Successfully connected to database
2025/08/22 07:17:32 [ERROR] failed to get order detail: pq: syntax error at or near "FROM"
2025/08/22 07:17:32 [ERROR] failed to get order detail: pq: syntax error at or near "FROM"
2025/08/22 07:20:02 [INFO] Successfully connected to database
2025/08/22 07:20:05 [ERROR] failed to get order detail: pq: syntax error at or near "FROM"
2025/08/22 07:20:05 [ERROR] failed to get order detail: pq: syntax error at or near "FROM"
2025/08/22 07:22:18 [INFO] Successfully connected to database
2025/08/22 07:22:21 [ERROR] failed to get order detail: pq: syntax error at or near "FROM"
2025/08/22 07:22:21 [ERROR] failed to get order detail: pq: syntax error at or near "FROM"
2025/08/22 07:23:17 [INFO] Successfully connected to database
2025/08/22 07:23:21 [ERROR] failed to get order detail: pq: syntax error at or near "FROM"
2025/08/22 07:23:21 [ERROR] failed to get order detail: pq: syntax error at or near "FROM"
2025/08/22 07:24:40 [INFO] Successfully connected to database
2025/08/22 07:24:42 [INFO] response: {Name:halobwang ProductName:Super Gadget Quantity:0}
2025/08/22 07:24:56 [INFO] response: {Name:halobwang ProductName:Super Gadget Quantity:0}
2025/08/22 07:25:23 [INFO] Successfully connected to database
2025/08/22 07:25:25 [INFO] response: {Name:halobwang ProductName:Super Gadget Quantity:0}
2025/08/22 10:28:02 [ERROR] dial tcp 127.0.0.1:5433: connect: connection refused
2025/08/22 10:28:39 [INFO] Successfully connected to database
2025/08/22 10:29:12 [INFO] response: {Name:halobwang ProductName:Super Gadget Quantity:0}
2025/08/22 10:35:15 [ERROR] sql: no rows in result set
2025/08/22 10:35:15 [ERROR] sql: no rows in result set
2025/08/22 10:35:47 [ERROR] sql: no rows in result set
2025/08/22 10:35:47 [ERROR] sql: no rows in result set
2025/08/22 10:38:04 [INFO] Successfully connected to database
2025/08/22 10:38:07 [INFO] response: {Id:8 ProductId:2 UserId:1 Quantity:1 DateCreated:2025-08-22 03:38:07.368059 +0000 +0000}
2025/08/22 10:38:26 [INFO] response: {Id:9 ProductId:2 UserId:1 Quantity:30 DateCreated:2025-08-22 03:38:26.350253 +0000 +0000}
2025/08/22 10:40:28 [ERROR] failed to get order detail: pq: syntax error at or near "o"
2025/08/22 10:40:28 [ERROR] failed to get order detail: pq: syntax error at or near "o"
2025/08/22 10:41:11 [INFO] Successfully connected to database
2025/08/22 10:41:15 [ERROR] failed to get order detail: sql: Scan error on column index 2, name "quantity": converting NULL to int is unsupported
2025/08/22 10:41:15 [ERROR] failed to get order detail: sql: Scan error on column index 2, name "quantity": converting NULL to int is unsupported
2025/08/22 10:59:25 [ERROR] dial tcp 127.0.0.1:5433: connect: connection refused
2025/08/22 10:59:44 [INFO] Successfully connected to database
2025/08/22 11:00:18 [ERROR] failed to get order detail: sql: Scan error on column index 2, name "quantity": converting NULL to int is unsupported
2025/08/22 11:00:18 [ERROR] failed to get order detail: sql: Scan error on column index 2, name "quantity": converting NULL to int is unsupported
2025/08/22 11:05:43 [ERROR] failed to get order detail: sql: Scan error on column index 2, name "quantity": converting NULL to int is unsupported
2025/08/22 11:05:43 [ERROR] failed to get order detail: sql: Scan error on column index 2, name "quantity": converting NULL to int is unsupported
2025/08/22 11:05:50 [INFO] Successfully connected to database
2025/08/22 11:05:55 [ERROR] failed to get order detail: sql: Scan error on column index 2, name "quantity": converting NULL to int is unsupported
2025/08/22 11:05:55 [ERROR] failed to get order detail: sql: Scan error on column index 2, name "quantity": converting NULL to int is unsupported
2025/08/22 14:14:09 [ERROR] dial tcp 127.0.0.1:5433: connect: connection refused
2025/08/22 14:16:08 [INFO] Successfully connected to database
2025/08/22 14:16:10 [ERROR] failed to get order detail: sql: Scan error on column index 2, name "quantity": converting NULL to int is unsupported
2025/08/22 14:16:10 [ERROR] failed to get order detail: sql: Scan error on column index 2, name "quantity": converting NULL to int is unsupported
2025/08/22 14:17:18 [INFO] Successfully connected to database
2025/08/22 14:17:22 [INFO] response: {Name:halobwang ProductName:Super Gadget Quantity:0}
2025/08/22 14:17:27 [INFO] response: {Name:halobwang ProductName:Gaming Mouse Quantity:1}
2025/08/22 14:18:13 [INFO] Successfully connected to database
2025/08/22 14:18:18 [INFO] response: {Name:halobwang ProductName:Gaming Mouse Quantity:1}
2025/08/22 14:19:12 [INFO] response: {Id:10 ProductId:2 UserId:1 Quantity:30 DateCreated:2025-08-22 07:19:12.94395 +0000 +0000}
2025/08/22 14:46:58 [INFO] Successfully connected to database
2025/08/22 14:50:15 [INFO] Successfully connected to database
2025/08/22 14:50:18 [INFO] response: map[product_name:Gaming Mouse quantity:30]
2025/08/22 14:51:09 [INFO] Successfully connected to database
2025/08/22 14:51:12 [INFO] response: map[full_name:halobwang product_name:Gaming Mouse quantity:30]
2025/08/22 14:59:49 [INFO] Successfully connected to database
2025/08/22 15:00:01 [INFO] response: &{Name:halobwang ProductName:Gaming Mouse Quantity:1}
2025/08/22 15:00:03 [INFO] response: &{Name:halobwang ProductName:Gaming Mouse Quantity:30}
